c:\users\sam\documents\visual studio 2015\projects\crapgl\crapgl\release\crapgl.pch
c:\users\sam\documents\visual studio 2015\projects\crapgl\crapgl\release\vc140.pdb
c:\users\sam\documents\visual studio 2015\projects\crapgl\crapgl\release\stdafx.obj
c:\users\sam\documents\visual studio 2015\projects\crapgl\crapgl\release\raytracer.obj
c:\users\sam\documents\visual studio 2015\projects\crapgl\crapgl\release\pointlight.obj
c:\users\sam\documents\visual studio 2015\projects\crapgl\crapgl\release\plane.obj
c:\users\sam\documents\visual studio 2015\projects\crapgl\crapgl\release\photons.obj
c:\users\sam\documents\visual studio 2015\projects\crapgl\crapgl\release\photonmapping.obj
c:\users\sam\documents\visual studio 2015\projects\crapgl\crapgl\release\phongmaterial.obj
c:\users\sam\documents\visual studio 2015\projects\crapgl\crapgl\release\perspectivecamera.obj
c:\users\sam\documents\visual studio 2015\projects\crapgl\crapgl\release\parallellight.obj
c:\users\sam\documents\visual studio 2015\projects\crapgl\crapgl\release\mykdtree.obj
c:\users\sam\documents\visual studio 2015\projects\crapgl\crapgl\release\mycolor.obj
c:\users\sam\documents\visual studio 2015\projects\crapgl\crapgl\release\material.obj
c:\users\sam\documents\visual studio 2015\projects\crapgl\crapgl\release\lightsource.obj
c:\users\sam\documents\visual studio 2015\projects\crapgl\crapgl\release\lightsample.obj
c:\users\sam\documents\visual studio 2015\projects\crapgl\crapgl\release\intersectinfo.obj
c:\users\sam\documents\visual studio 2015\projects\crapgl\crapgl\release\geometry.obj
c:\users\sam\documents\visual studio 2015\projects\crapgl\crapgl\release\crapgl.obj
c:\users\sam\documents\visual studio 2015\projects\crapgl\crapgl\release\chessboard.obj
c:\users\sam\documents\visual studio 2015\projects\crapgl\crapgl\release\cameraraypoint.obj
c:\users\sam\documents\visual studio 2015\projects\crapgl\crapgl\release\beziergeometry.obj
c:\users\sam\documents\visual studio 2015\projects\crapgl\crapgl\release\beziercurve.obj
c:\users\sam\documents\visual studio 2015\projects\crapgl\crapgl\release\vector3.obj
c:\users\sam\documents\visual studio 2015\projects\crapgl\crapgl\release\sphere.obj
c:\users\sam\documents\visual studio 2015\projects\crapgl\crapgl\release\scene.obj
c:\users\sam\documents\visual studio 2015\projects\crapgl\crapgl\release\ray.obj
c:\users\sam\documents\visual studio 2015\projects\crapgl\crapgl\release\crapgl.res
c:\users\sam\documents\visual studio 2015\projects\crapgl\crapgl\release\crapgl.tlog\cl.command.1.tlog
c:\users\sam\documents\visual studio 2015\projects\crapgl\crapgl\release\crapgl.tlog\cl.read.1.tlog
c:\users\sam\documents\visual studio 2015\projects\crapgl\crapgl\release\crapgl.tlog\cl.write.1.tlog
c:\users\sam\documents\visual studio 2015\projects\crapgl\crapgl\release\crapgl.tlog\link.command.1.tlog
c:\users\sam\documents\visual studio 2015\projects\crapgl\crapgl\release\crapgl.tlog\link.read.1.tlog
c:\users\sam\documents\visual studio 2015\projects\crapgl\crapgl\release\crapgl.tlog\link.write.1.tlog
c:\users\sam\documents\visual studio 2015\projects\crapgl\crapgl\release\crapgl.tlog\rc.command.1.tlog
c:\users\sam\documents\visual studio 2015\projects\crapgl\crapgl\release\crapgl.tlog\rc.read.1.tlog
c:\users\sam\documents\visual studio 2015\projects\crapgl\crapgl\release\crapgl.tlog\rc.write.1.tlog
